11:55:13.265 [main] INFO  testcase.testcase_zigwheels01 - printing deatils of honda bikes
11:55:14.180 [main] INFO  testcase.testcase_zigwheels01 - selcting dropsown
11:55:17.804 [main] INFO  testcase.testcase_zigwheels01 - selecting honda
11:55:20.856 [main] INFO  testcase.testcase_zigwheels01 - selcting readmore
11:55:27.278 [main] INFO  testcase.testcase_zigwheels01 - navigating back to home page
11:55:28.777 [main] INFO  testcase.testcase_zigwheels01 - Selecting used bikes in chennai
11:55:28.999 [main] INFO  testcase.testcase_zigwheels01 - selcting used bikes
11:55:35.113 [main] INFO  testcase.testcase_zigwheels01 - Selecting city
11:55:35.428 [main] INFO  testcase.testcase_zigwheels01 - scrolling upto popular models
11:55:35.990 [main] INFO  testcase.testcase_zigwheels01 - printing popular models
11:55:36.245 [main] INFO  testcase.testcase_zigwheels01 - validating user deatils
11:55:38.036 [main] INFO  testcase.testcase_zigwheels01 - navigating back to home page
11:55:41.698 [main] INFO  testcase.testcase_zigwheels01 - selcting login/signup
11:55:42.664 [main] INFO  testcase.testcase_zigwheels01 - select google
11:55:43.193 [main] INFO  testcase.testcase_zigwheels01 - entering details
11:55:46.980 [main] INFO  testcase.testcase_zigwheels01 - entering invalid emil id
11:55:48.152 [main] INFO  testcase.testcase_zigwheels01 - clicking next button
11:55:48.487 [main] INFO  testcase.testcase_zigwheels01 - validating error message
11:55:48.488 [main] ERROR testcase.testcase_zigwheels01 - test failed...
11:55:48.488 [main] INFO  testcase.testcase_zigwheels01 - ****** finishedtestcase_zigwheels01 ******
